           3           33           39           55           59           63 
0.0005249389 0.0004306565 0.0004443729 0.0006341591 0.0006081822 0.0011289458 
          67           72           79           85           95           98 
0.0004305118 0.0007584417 0.0004944722 0.0008351549 0.0007070259 0.0008359122 
          99          104          117          128          150          151 
0.0004812511 0.0007479705 0.0006765363 0.0008786217 0.0005400758 0.0003852703 
         153          168          169          175          196          197 
0.0009947522 0.0006985816 0.0003817212 0.0006563029 0.0005122631 0.0004824248 
         202          225          227          242          244          255 
0.0003607274 0.0002930034 0.0003049248 0.0010035071 0.0011989345 0.0005877644 
         261          276          280          285          287          307 
0.0003737655 0.0006215544 0.0005165555 0.0007793071 0.0004989114 0.0006448625 
         315          318          329          337          341          345 
0.0005337576 0.0007735205 0.0006338983 0.0006107859 0.0011041479 0.0003837634 
         351          352          361          367          369          373 
0.0006986781 0.0002988861 0.0008061908 0.0004278568 0.0005648952 0.0004796125 
         379          384          387          391          395          411 
0.0005675489 0.0003826247 0.0004854581 0.0005549611 0.0004213549 0.0006910539 
         412          413          414          416          418          420 
0.0007366286 0.0003466734 0.0004766774 0.0004393077 0.0003165035 0.0008009826 
         441          449          467          481          490          497 
0.0006441781 0.0007784502 0.0004026119 0.0009706997 0.0004276497 0.0004154248 
         500          504          505          509          528          531 
0.0007783475 0.0003885210 0.0005286082 0.0011517210 0.0009303513 0.0007044381 
         545          546          547          551          552          556 
0.0003056519 0.0006871823 0.0007138569 0.0003191001 0.0005405838 0.0004526275 
         562          566          568          571          575          576 
0.0002592788 0.0006056494 0.0005407798 0.0006077571 0.0004417108 0.0006124745 
         589          591          605          608          615          618 
0.0006056345 0.0007404865 0.0005040393 0.0007223141 0.0007860341 0.0010377385 
         619          624          625          628          629          630 
0.0011808725 0.0003756632 0.0007955110 0.0003385447 0.0011941807 0.0012894394 
         634          636          639          652          666          667 
0.0011401934 0.0002962025 0.0008331213 0.0008591399 0.0004705739 0.0006156347 
         670          671          673          678          681          685 
0.0006711865 0.0008062873 0.0007779801 0.0008271170 0.0005431891 0.0008690897 
         694          706          709          710          711          721 
0.0003399328 0.0005860817 0.0007678089 0.0008700493 0.0005395751 0.0008602849 
         727          730          731          732          733          734 
0.0006312554 0.0005539299 0.0004923706 0.0010271674 0.0002207897 0.0004004460 
         772          774          781          782          783          792 
0.0006151565 0.0004855564 0.0004410647 0.0002930034 0.0007933271 0.0004226195 
         798          800          826          832          835          841 
0.0012894394 0.0004501481 0.0007227514 0.0005122631 0.0009196215 0.0001726849 
         844          845          847          850          865          867 
0.0005493506 0.0003547612 0.0012198226 0.0005293242 0.0008599828 0.0009720123 
         883          886          891          893          895          900 
0.0004709162 0.0007128727 0.0005562635 0.0009347541 0.0004297770 0.0004494710 
         905          915          916          922          937          942 
0.0005150504 0.0002086202 0.0004218965 0.0007262046 0.0006246437 0.0009609736 
         943          955          964          968          973          982 
0.0008277439 0.0003803068 0.0004557249 0.0004004460 0.0005256790 0.0003651611 
         992          993          994          995         1002         1003 
0.0005172914 0.0005465674 0.0004799569 0.0004599831 0.0011938376 0.0005584610 
        1005         1006         1015         1022         1033         1036 
0.0005404491 0.0004820127 0.0008181229 0.0002243040 0.0008599755 0.0006743672 
        1038         1040         1043         1051         1059         1062 
0.0010065757 0.0003785984 0.0006643145 0.0004943350 0.0008463827 0.0007316418 
        1073         1074         1082         1083         1088         1089 
0.0004615175 0.0005297859 0.0010389781 0.0004980157 0.0006442075 0.0005475714 
        1090         1092         1097         1103         1107         1128 
0.0008214434 0.0001594974 0.0007152200 0.0005693932 0.0007137171 0.0005367724 
        1131         1138         1144         1165         1172         1178 
0.0005392976 0.0004063634 0.0008703893 0.0004174628 0.0010836909 0.0007164178 
        1187         1191         1209         1217         1226         1227 
0.0011903023 0.0004759346 0.0003817410 0.0004598206 0.0005679905 0.0005955344 
        1233         1235         1258         1265         1273         1277 
0.0006570700 0.0007393937 0.0009741041 0.0011044803 0.0005800316 0.0007528487 
        1286         1304         1313         1314         1317         1331 
0.0010472734 0.0006398618 0.0007864620 0.0003817093 0.0002206962 0.0011798311 
        1339         1348         1374         1391         1406         1413 
0.0002898185 0.0008106472 0.0006973725 0.0005223744 0.0007212610 0.0001490674 
        1420         1424         1425         1430         1436         1437 
0.0009194925 0.0007029468 0.0004353144 0.0008656626 0.0004213549 0.0004793709 
        1438         1452         1463         1468         1494         1507 
0.0004630603 0.0013235156 0.0004289221 0.0005620985 0.0004999864 0.0004504544 
        1521         1529         1537         1541         1545         1556 
0.0004148388 0.0006186354 0.0011041479 0.0003420302 0.0006441781 0.0003420230 
        1563         1583         1589         1590         1593         1595 
0.0010413035 0.0005888613 0.0004641618 0.0005553103 0.0010899491 0.0003261383 
        1603         1604         1605         1608         1619         1625 
0.0002554186 0.0003015520 0.0002763926 0.0004797335 0.0006527690 0.0005159336 
        1628         1646         1655         1656         1662         1667 
0.0006523641 0.0006637320 0.0008422906 0.0004948965 0.0005154715 0.0005241714 
        1684         1687         1689         1696         1703         1712 
0.0004482367 0.0009562304 0.0005411516 0.0006807789 0.0005221483 0.0006659100 
        1713         1716         1737         1747         1756         1757 
0.0003529755 0.0011500723 0.0005601572 0.0007114280 0.0002618437 0.0007963033 
        1761         1766         1769         1802         1814         1828 
0.0004426158 0.0009096261 0.0003989481 0.0011063967 0.0003458433 0.0003388148 
        1836         1839         1843         1845         1851         1860 
0.0011119672 0.0004127178 0.0006107950 0.0008142953 0.0009080760 0.0007427042 
        1868         1869         1878         1885         1887         1888 
0.0005251299 0.0007675441 0.0005370791 0.0010890740 0.0002150497 0.0007655375 
        1908         1909         1913         1927         1931         1937 
0.0005135297 0.0007366027 0.0004280790 0.0003787170 0.0007378881 0.0005359653 
        1938         1944         1948         1957         1958         1964 
0.0006313424 0.0009081297 0.0008702252 0.0006058284 0.0007806446 0.0007014104 
        1969         1972         1975         1985         1990         1995 
0.0006184043 0.0001846967 0.0007551940 0.0007673286 0.0008783827 0.0007826474 
        2003         2017         2027         2038         2044         2045 
0.0008755282 0.0009029382 0.0010931168 0.0004008904 0.0006946956 0.0003652420 
        2046         2058         2062         2064         2065         2071 
0.0009051984 0.0009419388 0.0004607405 0.0003157046 0.0006484382 0.0006628543 
        2073         2077         2085         2092         2095         2097 
0.0005469986 0.0007585723 0.0007811371 0.0005368354 0.0007536289 0.0003304825 
        2105         2125         2133         2136         2143         2144 
0.0005055217 0.0006180393 0.0005067608 0.0008179593 0.0007850918 0.0005586757 
        2150         2153         2160         2163         2165         2166 
0.0005091268 0.0005465674 0.0004133354 0.0003993407 0.0004470715 0.0005977607 
        2168         2189         2197         2204         2216         2217 
0.0003498409 0.0003501442 0.0006480969 0.0006280848 0.0009602841 0.0003537633 
        2229         2230         2235         2242         2244         2265 
0.0006259127 0.0004025005 0.0007366286 0.0003744944 0.0009688248 0.0005575456 
        2268         2271         2273         2292         2305         2310 
0.0008482904 0.0006821379 0.0005023018 0.0007533515 0.0005539299 0.0005470636 
        2317         2319         2322         2324         2334         2341 
0.0007865920 0.0003716311 0.0005068916 0.0005742888 0.0006523641 0.0008351549 
        2343         2365         2382         2387         2396         2410 
0.0005068916 0.0007215756 0.0006174874 0.0005826331 0.0002907063 0.0008963542 
        2430         2435         2437         2439         2442         2472 
0.0008151869 0.0006757189 0.0004478305 0.0011118509 0.0003616995 0.0006102696 
        2478         2493         2511         2513         2551         2557 
0.0010643306 0.0005257028 0.0003216669 0.0007733668 0.0004163839 0.0003227881 
        2558         2564         2570         2573         2580         2581 
0.0003893717 0.0005460060 0.0009636437 0.0009407398 0.0003983295 0.0002930034 
        2582         2587         2607         2614         2617         2618 
0.0008058814 0.0009363268 0.0005482001 0.0009167598 0.0002353463 0.0007044381 
        2621         2627         2628         2633         2634         2643 
0.0005060755 0.0005280369 0.0009013935 0.0010933091 0.0004101350 0.0005668167 
        2654         2659         2665         2667         2674         2677 
0.0003547612 0.0006143360 0.0009832192 0.0008738670 0.0006433533 0.0006058284 
        2683         2688         2690         2694         2699         2712 
0.0004297770 0.0003426708 0.0003918940 0.0002632150 0.0006418398 0.0004315191 
        2727         2740         2743         2745         2749         2751 
0.0007811371 0.0007652677 0.0008654825 0.0004737316 0.0003554287 0.0005482552 
        2760         2761         2764         2767         2769         2784 
0.0003353627 0.0002356783 0.0003324771 0.0002814761 0.0008700493 0.0007644476 
        2792         2800         2801         2806         2808         2811 
0.0006019586 0.0007037830 0.0003868074 0.0005645748 0.0006196743 0.0006951412 
        2817         2819         2822         2840         2852         2853 
0.0005506955 0.0006887899 0.0007850918 0.0003731429 0.0006901319 0.0008260748 
        2854         2861         2865         2872         2874         2875 
0.0006184043 0.0008763451 0.0004272620 0.0006948015 0.0010160463 0.0007382481 
        2891         2894         2905         2907         2910         2914 
0.0007292537 0.0005122221 0.0007562451 0.0003048211 0.0004638831 0.0002925212 
        2916         2923         2941         2942         2945         2947 
0.0005642901 0.0007523535 0.0011167025 0.0008588497 0.0003336403 0.0008473269 
        2956         2960         2966         2974         2976         2986 
0.0006855490 0.0006875093 0.0005816916 0.0006056274 0.0005128194 0.0008565867 
        2998         3011         3012         3014         3017         3019 
0.0007778007 0.0009486980 0.0009618825 0.0006951101 0.0003141901 0.0003601846 
        3022         3023         3037         3050         3067         3075 
0.0004714950 0.0005230794 0.0002353463 0.0004926904 0.0003945823 0.0003261895 
        3085         3092         3103         3104         3108         3114 
0.0007349364 0.0008654825 0.0006272614 0.0004145407 0.0009007107 0.0004364820 
        3117         3121         3126         3141         3163         3179 
0.0010447693 0.0006455067 0.0005331592 0.0005370791 0.0009206147 0.0005568456 
        3190         3211         3214         3219         3226         3233 
0.0003420230 0.0005544450 0.0008242483 0.0005859065 0.0006615124 0.0005410416 
        3235         3237         3245         3246         3252         3261 
0.0002383559 0.0008133488 0.0003361552 0.0009167598 0.0003760456 0.0004734846 
        3277         3279         3283         3297         3298         3306 
0.0008643982 0.0006550710 0.0011608040 0.0006194041 0.0003761149 0.0005706158 
        3309         3323         3325         3331         3335         3343 
0.0005468495 0.0007174118 0.0006476272 0.0008538370 0.0005575456 0.0003387521 
        3345         3347         3351         3356         3372         3373 
0.0006698322 0.0007788699 0.0003406871 0.0004910063 0.0004647421 0.0006482678 
        3387         3394         3397         3400         3412         3413 
0.0004274337 0.0006882656 0.0005385054 0.0010015389 0.0005955344 0.0005686834 
        3422         3438         3441         3445         3446         3449 
0.0011130696 0.0006619080 0.0009566160 0.0006978045 0.0004592069 0.0004938247 
        3451         3454         3455         3464         3465         3468 
0.0006627952 0.0005808922 0.0006392537 0.0007644476 0.0010206428 0.0004011554 
        3471         3473         3482         3499         3517         3520 
0.0004503364 0.0008453975 0.0004583208 0.0004299949 0.0003529462 0.0007380422 
        3526         3527         3553         3560         3565         3567 
0.0007523535 0.0005058977 0.0006407966 0.0008700493 0.0006099217 0.0006187585 
        3574         3576         3590         3606         3607         3609 
0.0008780361 0.0006019011 0.0007266173 0.0004548840 0.0012468108 0.0001594974 
        3615         3627         3637         3639         3646         3655 
0.0004179064 0.0005191292 0.0004243668 0.0004443729 0.0006896660 0.0005172914 
        3656         3660         3662         3663         3667         3669 
0.0005075270 0.0006264190 0.0006838597 0.0005120612 0.0005693932 0.0006064063 
        3674         3681         3682         3686         3692         3711 
0.0009015489 0.0002469932 0.0008706693 0.0003777960 0.0010648109 0.0009051984 
        3714         3745         3763         3764         3772         3777 
0.0001979466 0.0004735662 0.0006077571 0.0004449740 0.0006551674 0.0006627478 
        3778         3788         3801         3810         3813         3818 
0.0009538477 0.0010457973 0.0005058716 0.0009096261 0.0010836909 0.0007069664 
        3829         3840         3843         3849         3853         3860 
0.0005671691 0.0003420230 0.0007874800 0.0004464397 0.0006398618 0.0007381477 
        3866         3867         3888         3890         3891         3895 
0.0007759011 0.0012170675 0.0009277540 0.0005851171 0.0007530412 0.0004917515 
        3907         3917         3919         3937         3939         3957 
0.0009366874 0.0007087128 0.0004330442 0.0006995828 0.0006368830 0.0005863264 
        3972         3988         4019         4021         4024         4030 
0.0004155098 0.0005015731 0.0006868540 0.0003496355 0.0008062873 0.0005346351 
        4032         4033         4038         4039         4044         4087 
0.0005988959 0.0006901319 0.0006925564 0.0006076552 0.0006107859 0.0005568456 
        4088         4125         4137         4139         4141         4162 
0.0006677845 0.0007651713 0.0005053201 0.0012008273 0.0005972082 0.0004705739 
        4164         4172         4186         4203         4204         4224 
0.0009669950 0.0007342602 0.0004053775 0.0004731166 0.0005242096 0.0006187762 
        4227         4230         4231         4232         4237         4238 
0.0005012447 0.0008473269 0.0008589508 0.0004353144 0.0002505782 0.0004116667 
        4241         4242         4245         4247         4262         4263 
0.0004196145 0.0008218027 0.0008191451 0.0010562609 0.0007510106 0.0009024873 
        4270         4279         4306         4318         4355         4363 
0.0002997155 0.0008107262 0.0005296853 0.0005078024 0.0010887692 0.0010100639 
        4365         4371         4374         4380         4381         4386 
0.0002925212 0.0007644476 0.0004280182 0.0003056519 0.0003566951 0.0007863061 
        4387         4389         4391         4396         4397         4401 
0.0005496535 0.0004252279 0.0004501093 0.0010254726 0.0006275222 0.0007029468 
        4422         4424         4430         4437         4441         4449 
0.0009020532 0.0003451969 0.0004243821 0.0007613281 0.0005502743 0.0006032118 
        4454         4456         4461         4462         4482         4502 
0.0005981539 0.0003197904 0.0006594203 0.0006485182 0.0002353463 0.0008216099 
        4507         4540         4541         4542         4544         4548 
0.0006948015 0.0005702923 0.0007906707 0.0005465674 0.0005982345 0.0004507458 
        4556         4563         4570         4579         4582         4584 
0.0011513803 0.0004821805 0.0005881584 0.0011180675 0.0004226259 0.0008941847 
        4585         4598         4600         4613         4624         4626 
0.0006476570 0.0003701229 0.0002926879 0.0004152139 0.0003320085 0.0011154200 
        4628         4631         4635         4639         4649         4652 
0.0006043051 0.0005575456 0.0007719301 0.0010743646 0.0005482432 0.0009317043 
        4656         4673         4678         4694         4696         4707 
0.0002847543 0.0006012856 0.0006784772 0.0003424554 0.0006197936 0.0008059765 
        4728         4738         4755         4763         4772         4780 
0.0004090704 0.0006735394 0.0002718214 0.0007665854 0.0006675473 0.0005346210 
        4781         4787         4788         4794         4802         4803 
0.0008947043 0.0005589364 0.0005626114 0.0007778007 0.0004914729 0.0007179694 
        4809         4810         4818         4821         4823         4838 
0.0005860817 0.0004950114 0.0002082486 0.0004820591 0.0006771940 0.0009289355 
        4840         4856         4858         4864         4875         4876 
0.0005611406 0.0005172914 0.0003566951 0.0004023316 0.0008850082 0.0006699698 
        4889         4893         4899         4906         4909         4915 
0.0005244758 0.0009706049 0.0008671364 0.0004409440 0.0009290707 0.0007448879 
        4922         4936         4939         4941         4942         4963 
0.0009554168 0.0007850918 0.0003760456 0.0003616995 0.0003803068 0.0007451363 
        4978         4986         4990         4997         5003         5022 
0.0007938524 0.0003405075 0.0005759511 0.0004975136 0.0010442956 0.0006553810 
        5024         5027         5048         5051         5052         5056 
0.0008498944 0.0007199584 0.0003833348 0.0005243947 0.0006347349 0.0008342887 
        5061         5062         5064         5071         5074         5077 
0.0003990763 0.0007501689 0.0006312554 0.0001667816 0.0006249237 0.0003324771 
        5079         5085         5094         5098         5099         5101 
0.0004523283 0.0010608722 0.0006608646 0.0007779515 0.0005165885 0.0008163677 
        5102         5104         5131         5136         5145         5146 
0.0008741870 0.0006376719 0.0006458077 0.0003789832 0.0010603250 0.0007470750 
        5151         5153         5182         5191         5197         5201 
0.0003318173 0.0005544450 0.0002978349 0.0011608040 0.0005629629 0.0004748008 
        5217         5222         5227         5228         5239         5246 
0.0003737387 0.0004711952 0.0002902812 0.0004297770 0.0003886068 0.0009317304 
        5249         5252         5267         5268         5280         5298 
0.0005559607 0.0003342136 0.0006838597 0.0006118405 0.0003977566 0.0005395751 
        5321         5325         5329         5336         5346         5349 
0.0005071224 0.0002575568 0.0002579876 0.0010746032 0.0004014282 0.0008223263 
        5353         5356         5374         5379         5380         5383 
0.0005568456 0.0005965127 0.0009634511 0.0003696363 0.0007193279 0.0005180141 
        5385         5392         5396         5406         5409         5412 
0.0004155137 0.0006097359 0.0007295046 0.0003748796 0.0004541346 0.0006989389 
        5420         5423         5424         5425         5427         5449 
0.0006643145 0.0011798311 0.0007084766 0.0009167598 0.0006398701 0.0008432524 
        5460         5465         5475         5477         5480         5483 
0.0003802679 0.0003382153 0.0009289355 0.0008090516 0.0006623107 0.0008692912 
        5485         5493         5495         5509         5525         5527 
0.0008906393 0.0004989114 0.0009694088 0.0004209638 0.0001843620 0.0006523641 
        5535         5537         5543         5546         5549         5551 
0.0006943353 0.0008485916 0.0007655821 0.0007266173 0.0008317968 0.0006735394 
        5553         5555         5560         5579         5613         5621 
0.0007397727 0.0003663477 0.0004897429 0.0009330311 0.0011333843 0.0002561132 
        5630         5634         5639         5646         5666         5678 
0.0005266882 0.0003505978 0.0003261057 0.0005590109 0.0002814761 0.0006549796 
        5684         5685         5693         5694         5700         5705 
0.0008623023 0.0005674364 0.0005534231 0.0010318720 0.0008517118 0.0005250777 
        5713         5719         5723         5740         5744         5748 
0.0007717310 0.0005327130 0.0006511896 0.0003909771 0.0011827469 0.0006914278 
        5753         5762         5766         5771         5776         5810 
0.0010208151 0.0004183889 0.0004470715 0.0002989913 0.0005025637 0.0003637868 
        5811         5812         5818         5824         5828         5830 
0.0003058055 0.0003247746 0.0008565867 0.0003848059 0.0005668167 0.0007613281 
        5834         5854         5860         5861         5862         5868 
0.0009387384 0.0005926450 0.0006446133 0.0006113114 0.0006189148 0.0007301020 
        5874         5884         5885         5886         5887         5892 
0.0003708490 0.0006296588 0.0009198328 0.0005800316 0.0010367331 0.0004299160 
        5896         5901         5917         5925         5929         5931 
0.0005521473 0.0005325867 0.0003857634 0.0003383093 0.0002741713 0.0007541626 
        5932         5934         5939         5944         5951         5963 
0.0008906393 0.0006482678 0.0007471503 0.0004023133 0.0007903306 0.0005004130 
        5968         5974         5975         5978         5981         5982 
0.0008886735 0.0002943944 0.0008218027 0.0008745423 0.0007891236 0.0003794341 
        5983         5984         5986         5992         6001         6003 
0.0003498409 0.0009056230 0.0004353128 0.0004538374 0.0007151034 0.0005249234 
        6024         6033         6042         6043         6046         6048 
0.0008841855 0.0003459240 0.0009283442 0.0004696388 0.0006793521 0.0004757309 
        6054         6067         6069         6073         6078         6079 
0.0007588260 0.0003645234 0.0004836508 0.0005315386 0.0012035751 0.0006898721 
        6080         6084         6089         6102         6108         6113 
0.0006056345 0.0005165555 0.0007209434 0.0004507347 0.0006368830 0.0008780361 
        6116         6130         6139         6146         6159         6166 
0.0005323489 0.0004343964 0.0003803554 0.0005571784 0.0004767386 0.0008602849 
        6179         6189         6195         6198         6201         6205 
0.0012149237 0.0006451449 0.0004284660 0.0009396958 0.0005897904 0.0006032286 
        6207         6208         6210         6216         6217         6219 
0.0009768572 0.0005450373 0.0006680450 0.0007393500 0.0006696716 0.0004270016 
        6235         6238         6241         6245         6247         6253 
0.0011556525 0.0006527690 0.0006526005 0.0007086544 0.0004523283 0.0008450511 
        6261         6263         6267         6277         6286         6297 
0.0004686075 0.0006495403 0.0004647098 0.0004353128 0.0004306565 0.0005428629 
        6307         6311         6316         6322         6338         6344 
0.0010863418 0.0006765363 0.0003436850 0.0005630875 0.0009305845 0.0005635248 
        6354         6367         6380         6386         6393         6396 
0.0004372848 0.0008950928 0.0005015067 0.0006638601 0.0006451449 0.0006107950 
        6401         6406         6409         6418         6420         6425 
0.0005287572 0.0007681240 0.0004767386 0.0004964103 0.0003069549 0.0009157565 
        6426         6429         6430         6441         6442         6444 
0.0007393500 0.0003986420 0.0005242360 0.0004820127 0.0011401934 0.0009757279 
        6449         6457         6461         6464         6465         6475 
0.0007044381 0.0003425448 0.0004146410 0.0006623935 0.0004548276 0.0004025005 
        6481         6483         6511         6514         6520         6527 
0.0006301923 0.0006643534 0.0008218033 0.0007413592 0.0004701523 0.0005482432 
        6531         6536         6537         6551         6554         6563 
0.0005135297 0.0010206428 0.0007897750 0.0005137810 0.0004805480 0.0007021175 
        6572         6576         6577         6578         6582         6584 
0.0004909780 0.0006147226 0.0003756827 0.0005808922 0.0012198226 0.0006485809 
        6592         6593         6594         6597         6600         6608 
0.0005397989 0.0005276476 0.0009286943 0.0006204368 0.0004714356 0.0007054898 
        6617         6620         6621         6632         6639         6645 
0.0003849096 0.0005193630 0.0008622182 0.0007130283 0.0005013329 0.0005305499 
        6654         6657         6665         6668         6677         6678 
0.0001993826 0.0007877661 0.0010114368 0.0005977684 0.0005084123 0.0004156258 
        6691         6699         6716         6722         6724         6734 
0.0006162178 0.0008480664 0.0010599330 0.0008911058 0.0004232430 0.0007649941 
        6737         6741         6748         6751         6752         6754 
0.0005611406 0.0008444023 0.0005522165 0.0004564627 0.0003261895 0.0003635229 
        6763         6765         6769         6772         6776         6778 
0.0008949497 0.0003760704 0.0005232933 0.0006264422 0.0009019128 0.0005164416 
        6784         6787         6794         6795         6800         6807 
0.0002572702 0.0007733668 0.0004040088 0.0005120045 0.0006858992 0.0003878076 
        6812         6813         6814         6822         6824         6827 
0.0009744094 0.0007267867 0.0005631557 0.0009634511 0.0006495480 0.0003749344 
        6828         6837         6842         6853         6878         6885 
0.0005075683 0.0011324699 0.0006305115 0.0003891383 0.0003353890 0.0008106169 
        6893         6897         6902         6903         6912         6914 
0.0008840101 0.0003366839 0.0004053775 0.0004651590 0.0005573329 0.0005348717 
        6919         6942         6947         6949         6953         6957 
0.0005704724 0.0004916088 0.0005471729 0.0005965127 0.0006534355 0.0008277644 
        6959         6978         6989         6992         6993         6995 
0.0006989389 0.0004988940 0.0008609338 0.0006394201 0.0009730156 0.0004726774 
        7004         7006         7011         7023         7025         7041 
0.0005402540 0.0008647593 0.0007215756 0.0005877644 0.0008216099 0.0004746835 
        7043         7059         7060         7062         7071         7074 
0.0004980157 0.0010772861 0.0004770546 0.0007540888 0.0008406415 0.0004173772 
        7075         7077         7078         7090         7092         7098 
0.0004234744 0.0003815745 0.0009752428 0.0008603973 0.0006611168 0.0007938524 
        7103         7104         7109         7142         7146         7163 
0.0003998337 0.0006735296 0.0007238593 0.0008948041 0.0003353627 0.0004963933 
        7169         7171         7183         7191         7201         7204 
0.0005105683 0.0007176887 0.0006608646 0.0009206943 0.0006763474 0.0001811844 
        7205         7223         7234         7239         7248         7253 
0.0005965127 0.0007301020 0.0004192004 0.0002931438 0.0004954875 0.0003842414 
        7257         7261         7268         7269         7271         7279 
0.0007968797 0.0007050833 0.0007938524 0.0005293242 0.0006166946 0.0006523641 
        7289         7291         7294         7296         7308         7331 
0.0008211863 0.0007604163 0.0010743646 0.0005575456 0.0005175332 0.0009607626 
        7337         7338         7347         7348         7353         7354 
0.0005308461 0.0003228865 0.0002844299 0.0006643145 0.0010206428 0.0010743646 
        7369         7373         7380         7387         7390         7392 
0.0010002509 0.0006890120 0.0006816632 0.0003600350 0.0003899014 0.0004942301 
        7399         7412         7416         7427         7428         7432 
0.0009204996 0.0008609338 0.0006571356 0.0009157565 0.0007317756 0.0005212963 
        7433         7438         7446         7451         7452         7482 
0.0003965489 0.0005840579 0.0005672928 0.0006055631 0.0009365950 0.0006792093 
        7491         7496         7497         7499         7503         7510 
0.0011437195 0.0005395100 0.0001811844 0.0004620868 0.0006645898 0.0010279374 
        7519         7520         7522         7529         7547         7552 
0.0006381370 0.0004989114 0.0004902827 0.0005042785 0.0006176155 0.0006614795 
        7558         7560         7561         7584         7587         7592 
0.0004764693 0.0004040088 0.0006495480 0.0005601910 0.0003785984 0.0007758126 
        7597         7604         7607         7614         7618         7620 
0.0007227514 0.0007738447 0.0003529755 0.0004766463 0.0003438654 0.0005745570 
        7621         7633         7645         7655         7657         7664 
0.0006395719 0.0004175758 0.0005513395 0.0005416634 0.0004494710 0.0005679493 
        7671         7683         7692         7708         7718         7721 
0.0006731383 0.0006150095 0.0004139213 0.0005742888 0.0007317756 0.0002925212 
        7722         7738         7750         7751         7752         7763 
0.0007495899 0.0007777386 0.0004297770 0.0009237426 0.0004344567 0.0007751685 
        7765         7766         7773         7788         7800         7809 
0.0004988048 0.0005078335 0.0003645234 0.0009336673 0.0009602841 0.0012260808 
        7815         7822         7827         7828         7838         7849 
0.0004923706 0.0010338207 0.0003445716 0.0005025637 0.0004016903 0.0004070474 
        7863         7865         7868         7872         7875         7876 
0.0006190618 0.0007476922 0.0005033339 0.0006384628 0.0003678449 0.0003793879 
        7877         7881         7889         7891         7894         7896 
0.0002150497 0.0003511855 0.0005160334 0.0006935440 0.0004503364 0.0008044753 
        7898         7902         7908         7910         7913         7914 
0.0003436850 0.0009290707 0.0006100334 0.0006978045 0.0006503865 0.0009696999 
        7920         7926         7928         7934         7949         7977 
0.0005084055 0.0005475714 0.0002103808 0.0004221948 0.0003841445 0.0006489208 
        7982         7989         8000         8001         8016         8020 
0.0004697352 0.0007839096 0.0005975727 0.0005018331 0.0006410817 0.0004011696 
        8023         8033         8039         8043         8050         8059 
0.0006999890 0.0008497832 0.0005607265 0.0008324875 0.0006008810 0.0007350033 
        8060         8062         8076         8084         8087         8095 
0.0004514010 0.0006654735 0.0004384515 0.0003837634 0.0008637367 0.0006136977 
        8097         8101         8108         8116         8117         8120 
0.0002702147 0.0004053775 0.0005840188 0.0004510253 0.0007401072 0.0009020532 
        8125         8126         8144         8148         8152         8153 
0.0004814529 0.0007655821 0.0005371956 0.0009124515 0.0004242979 0.0005020020 
        8160         8163         8166         8169         8183         8187 
0.0009313812 0.0007479705 0.0009354382 0.0006615454 0.0007403634 0.0007452007 
        8191         8194         8195         8196         8207         8218 
0.0005407142 0.0007071038 0.0007219832 0.0004254352 0.0008443289 0.0002907063 
        8225         8240         8251         8253         8255         8257 
0.0004875804 0.0008518919 0.0006611168 0.0005275901 0.0005084055 0.0006605182 
        8260         8263         8266         8273         8281         8286 
0.0008061908 0.0007369249 0.0006901319 0.0007187827 0.0002763926 0.0007285867 
        8288         8305         8314         8315         8321         8328 
0.0009394159 0.0008585610 0.0007536289 0.0008279837 0.0005264779 0.0003322796 
        8330         8338         8346         8348         8354         8358 
0.0004714860 0.0004831596 0.0002012362 0.0004478574 0.0005926904 0.0005017501 
        8368         8372         8383         8387         8401         8403 
0.0002989913 0.0006129777 0.0003884483 0.0007358345 0.0003247309 0.0007799594 
        8415         8429         8430         8431         8433         8436 
0.0008532967 0.0005460201 0.0008080147 0.0009062020 0.0009879679 0.0008498944 
        8437         8438         8439         8440         8445         8448 
0.0004056223 0.0010760353 0.0005308461 0.0006623935 0.0006150696 0.0007533796 
        8463         8470         8474         8475         8479         8484 
0.0004635757 0.0002837824 0.0005814521 0.0007632368 0.0003723210 0.0005959344 
        8496         8497         8499         8501         8508         8513 
0.0003424554 0.0004620868 0.0004427956 0.0004299949 0.0006307032 0.0007705662 
        8539         8547         8550         8551         8563         8575 
0.0013547028 0.0009429703 0.0006769354 0.0008748267 0.0005840188 0.0008593090 
        8576         8581         8586         8588         8593         8599 
0.0008000929 0.0003408743 0.0004179761 0.0009268417 0.0005014559 0.0005482432 
        8605         8607         8624         8625         8626         8633 
0.0006459923 0.0004913152 0.0003734703 0.0004052473 0.0005700337 0.0006476570 
        8648         8655         8662         8669         8672         8673 
0.0005030368 0.0008643982 0.0004101350 0.0004515015 0.0007066317 0.0008195582 
        8675         8677         8687         8697         8701         8703 
0.0004371258 0.0006073917 0.0005339488 0.0010338207 0.0007278670 0.0006735394 
        8710         8715         8724         8736         8750         8760 
0.0005847338 0.0006931954 0.0007087659 0.0006828665 0.0008841034 0.0011324699 
        8763         8764         8770         8785         8787         8791 
0.0005013017 0.0004259929 0.0008354997 0.0003066655 0.0003542243 0.0007954511 
        8792         8801         8810         8822         8827         8851 
0.0002332268 0.0007173655 0.0010836909 0.0007691449 0.0005078329 0.0003101270 
        8859         8860         8865         8875         8877         8891 
0.0004192004 0.0007451363 0.0004620868 0.0005016702 0.0006186354 0.0008173459 
        8911         8912         8914         8916         8924         8936 
0.0010604730 0.0009947522 0.0006289161 0.0007060201 0.0006475203 0.0005298502 
        8939         8948         8955         8956         8959         8966 
0.0008611280 0.0003581096 0.0007957935 0.0005977684 0.0005945187 0.0004350637 
        8976         8978         8981         8984         8988         9002 
0.0005656888 0.0009028251 0.0007244237 0.0008589508 0.0006283799 0.0005768727 
        9007         9009         9016         9018         9020         9021 
0.0006527690 0.0008662545 0.0007947758 0.0009757279 0.0007627712 0.0008867976 
        9025         9033         9043         9045         9048         9064 
0.0007179627 0.0002859609 0.0008439702 0.0004940889 0.0007857722 0.0008800901 
        9069         9071         9077         9082         9083         9087 
0.0003082147 0.0005261503 0.0004503364 0.0004116566 0.0007882568 0.0005436960 
        9094         9098         9107         9113         9121         9126 
0.0006989363 0.0007906707 0.0006107950 0.0008926984 0.0003557078 0.0008647593 
        9130         9140         9144         9148         9152         9156 
0.0003932442 0.0010836909 0.0003596391 0.0008445747 0.0004619058 0.0006282371 
        9177         9178         9179         9200         9207         9223 
0.0004578159 0.0002943944 0.0001490674 0.0005659330 0.0003301135 0.0004976623 
        9237         9241         9244         9246         9266         9274 
0.0008726922 0.0006007886 0.0004093448 0.0005293242 0.0007276833 0.0003322796 
        9275         9277         9278         9317         9325         9326 
0.0003436850 0.0009013935 0.0004163839 0.0003894583 0.0011447994 0.0005359653 
        9334         9338         9342         9344         9346         9352 
0.0005386358 0.0003717590 0.0004022409 0.0005083706 0.0002877643 0.0003416050 
        9373         9387         9392         9393         9395         9402 
0.0002820391 0.0007906707 0.0006793521 0.0004886561 0.0005184464 0.0007222474 
        9403         9409         9414         9415         9420         9431 
0.0011163511 0.0004299949 0.0007891039 0.0004647421 0.0005090875 0.0007367361 
        9437         9443         9445         9446         9455         9464 
0.0006570700 0.0002730239 0.0005217680 0.0005926450 0.0004430104 0.0003313362 
        9467         9468         9483         9493         9498         9501 
0.0004026938 0.0006691693 0.0005981488 0.0007479705 0.0006473694 0.0005313244 
        9503         9508         9512         9517         9521         9531 
0.0008009384 0.0009914450 0.0006526608 0.0006440501 0.0003789832 0.0007656127 
        9544         9549         9552         9559         9566         9576 
0.0006552053 0.0009625489 0.0008384686 0.0008994371 0.0006442734 0.0008289532 
        9580         9585         9597         9611         9626         9628 
0.0005825048 0.0005122689 0.0007503832 0.0008941863 0.0010057357 0.0006041428 
        9631         9651         9659         9664         9670         9671 
0.0004467680 0.0004635764 0.0006087955 0.0004661568 0.0002853322 0.0007894978 
        9676         9679         9695         9707         9716         9734 
0.0005894741 0.0008243572 0.0005852743 0.0002882471 0.0008752816 0.0010379137 
        9737         9744         9748         9756         9769         9785 
0.0004989114 0.0006421492 0.0002230228 0.0009229809 0.0010859290 0.0005993941 
        9795         9804         9816         9823         9825         9857 
0.0009411294 0.0005544450 0.0005688455 0.0008518919 0.0005359653 0.0005209882 
        9865         9870         9872         9874         9882         9883 
0.0003226480 0.0006418398 0.0004734334 0.0003512879 0.0005357050 0.0006384628 
        9884         9886         9901         9902         9909         9920 
0.0005561801 0.0007497575 0.0003261383 0.0009347541 0.0005042785 0.0004506627 
        9930         9932         9936         9938         9942         9945 
0.0004275640 0.0003034764 0.0003403157 0.0005686522 0.0008214076 0.0005859944 
        9965         9975         9980         9992         9996        10009 
0.0008957080 0.0005966352 0.0006222561 0.0008482904 0.0003215329 0.0009052894 
       10032        10033        10042        10049        10055        10058 
0.0009618825 0.0008488009 0.0008497832 0.0004133354 0.0011510371 0.0004299201 
       10063        10069        10071        10077        10082        10085 
0.0002962575 0.0011152151 0.0007808521 0.0006228694 0.0004621159 0.0008208391 
       10089        10091        10092        10101        10105        10108 
0.0005361676 0.0004426411 0.0007733668 0.0008296394 0.0005236572 0.0002734259 
       10109        10110        10114        10122        10128        10135 
0.0004954273 0.0008671364 0.0003693120 0.0001475289 0.0007767492 0.0004156907 
       10146        10151        10159        10163        10164        10165 
0.0004406207 0.0006620759 0.0008755919 0.0003932442 0.0006273048 0.0003833892 
       10166        10176        10186        10195        10200        10209 
0.0007362608 0.0011289458 0.0008820686 0.0004133354 0.0006925564 0.0007244237 
       10212        10214        10215        10222        10229        10243 
0.0010171142 0.0003521651 0.0004149286 0.0006740867 0.0006737026 0.0011201722 
       10246        10262        10264        10276        10279        10285 
0.0003409033 0.0003397029 0.0004696465 0.0005248613 0.0003843047 0.0004451878 
       10298        10301        10304        10313        10329        10330 
0.0005929134 0.0002150497 0.0004417753 0.0004267297 0.0005085121 0.0002554186 
       10332        10335        10343        10344        10356        10363 
0.0005329508 0.0007733668 0.0007130428 0.0006699410 0.0007045754 0.0008464857 
       10365        10366        10368        10375        10393        10397 
0.0004574639 0.0007530396 0.0005330037 0.0006379558 0.0003641155 0.0005977684 
       10401        10406        10409        10419        10434        10448 
0.0008774698 0.0005357684 0.0003522398 0.0007337208 0.0006077571 0.0011510371 
       10455        10458        10465        10466        10482        10484 
0.0005359653 0.0006532274 0.0005294711 0.0007557484 0.0007825475 0.0006623814 
       10492        10509        10527        10531        10537        10543 
0.0009002633 0.0003187100 0.0006598851 0.0011122972 0.0008821926 0.0004766463 
       10552        10558        10563        10567        10588        10594 
0.0006985816 0.0006747673 0.0005177281 0.0008601494 0.0009541429 0.0006032286 
       10596        10597        10606        10607        10610        10619 
0.0008548433 0.0009234094 0.0005119249 0.0006384835 0.0008774650 0.0006127186 
       10623        10625        10626        10631        10632        10644 
0.0009950997 0.0008555685 0.0002978349 0.0006087955 0.0005559607 0.0005992071 
       10653        10656        10657        10659        10666        10667 
0.0003868074 0.0004897429 0.0005711258 0.0003498409 0.0005826331 0.0006350237 
       10678        10680        10692        10706        10707        10708 
0.0010128397 0.0004838597 0.0004365735 0.0008384686 0.0006186354 0.0004784690 
       10711        10734        10744        10748        10749        10756 
0.0006331723 0.0006476570 0.0008471155 0.0003645234 0.0003049248 0.0007448879 
       10770        10780        10784        10807        10813        10853 
0.0005810574 0.0008423171 0.0004295749 0.0008497994 0.0005172914 0.0004578102 
       10864        10865        10874        10877        10884        10892 
0.0005331669 0.0005575456 0.0007062829 0.0008082888 0.0008759395 0.0003904883 
       10893        10908        10912        10921        10932        10938 
0.0008602849 0.0007176887 0.0008195801 0.0005234359 0.0002820132 0.0007559476 
       10939        10942        10946        10952        10956        10957 
0.0004820127 0.0004976829 0.0005075870 0.0011362192 0.0004617024 0.0003392774 
       10962        10964        10972        10976        10977        10984 
0.0006520452 0.0004426158 0.0006754000 0.0006728841 0.0005719986 0.0010946417 
       10990        10992        10995        11008        11009        11020 
0.0003632684 0.0002642180 0.0006881277 0.0004478740 0.0005922050 0.0004070474 
       11025        11029        11031        11043        11051        11058 
0.0002172502 0.0003970291 0.0006124034 0.0012075572 0.0006738727 0.0004516085 
       11064        11069        11075        11077        11084        11093 
0.0009720708 0.0007779515 0.0005160452 0.0005298676 0.0002989913 0.0001895018 
       11095        11097        11108        11109        11112        11122 
0.0003151332 0.0002559956 0.0004046770 0.0007138569 0.0004861269 0.0004702708 
       11123        11124        11132        11135        11136        11153 
0.0006683144 0.0006671842 0.0008080147 0.0005171594 0.0008482904 0.0007261273 
       11159        11162        11163        11164        11173        11177 
0.0010859290 0.0003110362 0.0011130696 0.0009186802 0.0009096261 0.0005945187 
       11190        11194        11200        11203        11209        11210 
0.0010872818 0.0008260030 0.0004450312 0.0005464311 0.0005122631 0.0004116667 
       11224        11235        11241        11248        11250        11253 
0.0004988692 0.0005242360 0.0006384628 0.0005042179 0.0005039430 0.0011465415 
       11262        11266        11282        11283        11289        11290 
0.0005203012 0.0003056519 0.0003868099 0.0007348452 0.0006511249 0.0004299949 
       11293        11294        11296        11319        11339        11344 
0.0003327159 0.0004992884 0.0006728602 0.0007835103 0.0003436850 0.0011729129 
       11347        11348        11372        11374        11384        11388 
0.0003654976 0.0008473269 0.0004517458 0.0008637660 0.0003603116 0.0004965009 
       11395        11400        11403        11415        11424        11427 
0.0012486583 0.0011602263 0.0009486980 0.0006573329 0.0003316757 0.0004659376 
       11429        11430        11437        11447        11450        11455 
0.0003113110 0.0005360889 0.0003723210 0.0005308192 0.0004778028 0.0008498730 
       11456        11470        11476        11479        11490        11496 
0.0004289525 0.0004687059 0.0002989913 0.0009746469 0.0006150095 0.0006485182 
       11503        11509        11514        11517        11518        11520 
0.0007265165 0.0009331167 0.0003165035 0.0008085751 0.0005561419 0.0007262046 
       11526        11527        11540        11541        11546        11563 
0.0008484817 0.0007002638 0.0006367343 0.0005188745 0.0008690897 0.0005394591 
       11565        11570        11579        11590        11594        11596 
0.0003069549 0.0009387384 0.0005568456 0.0007490889 0.0004826974 0.0006060335 
       11610        11612        11614        11626        11646        11678 
0.0005042785 0.0005134628 0.0007976573 0.0003595198 0.0008009826 0.0008676080 
       11684        11691        11706        11709        11710        11711 
0.0007290955 0.0003817410 0.0004213549 0.0009602841 0.0005532726 0.0005203012 
       11714        11720        11725        11726        11730        11731 
0.0005804431 0.0007631232 0.0005738948 0.0003088901 0.0006106261 0.0005965127 
       11743        11744        11747        11748        11754        11755 
0.0004040187 0.0004340609 0.0010991911 0.0005575456 0.0007584417 0.0009377000 
       11757        11761        11764 
0.0007192289 0.0008509854 0.0006354037 
    3.V2    33.V2    39.V2    55.V2    59.V2    63.V2    67.V2    72.V2 
     133       51       77      156       43       99      192        7 
   79.V2    85.V2    95.V2    98.V2    99.V2   104.V2   117.V2   128.V2 
     208       39      212       46      108      109      204      134 
  150.V2   151.V2   153.V2   168.V2   169.V2   175.V2   196.V2   197.V2 
     262      138       24      175       65      116       64      226 
  202.V2   225.V2   227.V2   242.V2   244.V2   255.V2   261.V2   276.V2 
     398       20      216       83        3      120      311      248 
  280.V2   285.V2   287.V2   307.V2   315.V2   318.V2   329.V2   337.V2 
     293      417       31      321      142      466      126       50 
  341.V2   345.V2   351.V2   352.V2   361.V2   367.V2   369.V2   373.V2 
      87        9       61      272      200       56      282       75 
  379.V2   384.V2   387.V2   391.V2   395.V2   411.V2   412.V2   413.V2 
      90      155      150      399       45      172        3      104 
  414.V2   416.V2   418.V2   420.V2   441.V2   449.V2   467.V2   481.V2 
     283      267       78       83      109       84        8      304 
  490.V2   497.V2   500.V2   504.V2   505.V2   509.V2   528.V2   531.V2 
     438      111       20       61      346       99      368       17 
  545.V2   546.V2   547.V2   551.V2   552.V2   556.V2   562.V2   566.V2 
      37      385      136       15       38       50       41      143 
  568.V2   571.V2   575.V2   576.V2   589.V2   591.V2   605.V2   608.V2 
      49      128      105       94      184      450       89       59 
  615.V2   618.V2   619.V2   624.V2   625.V2   628.V2   629.V2   630.V2 
      84      249       19      356       94       42       17      164 
  634.V2   636.V2   639.V2   652.V2   666.V2   667.V2   670.V2   671.V2 
     112        3       95       45      159      392      105        5 
  673.V2   678.V2   681.V2   685.V2   694.V2   706.V2   709.V2   710.V2 
     447        9      139      346        2       16      255      176 
  711.V2   721.V2   727.V2   730.V2   731.V2   732.V2   733.V2   734.V2 
      21      102      188      190       49      435      338       98 
  772.V2   774.V2   781.V2   782.V2   783.V2   792.V2   798.V2   800.V2 
       8      211      170       20       25      454      164       10 
  826.V2   832.V2   835.V2   841.V2   844.V2   845.V2   847.V2   850.V2 
      77       64      113      387      237       21      168       91 
  865.V2   867.V2   883.V2   886.V2   891.V2   893.V2   895.V2   900.V2 
      13      224      271      189      126       38       47      109 
  905.V2   915.V2   916.V2   922.V2   937.V2   942.V2   943.V2   955.V2 
     301       36       47       11      169      181      168       52 
  964.V2   968.V2   973.V2   982.V2   992.V2   993.V2   994.V2   995.V2 
     288       98      461      345       28       85      156       30 
 1002.V2  1003.V2  1005.V2  1006.V2  1015.V2  1022.V2  1033.V2  1036.V2 
     394       70       11      113       72       54      131      142 
 1038.V2  1040.V2  1043.V2  1051.V2  1059.V2  1062.V2  1073.V2  1074.V2 
     141       20        3      202      164       62      346      323 
 1082.V2  1083.V2  1088.V2  1089.V2  1090.V2  1092.V2  1097.V2  1103.V2 
     214       60      525       52      105       87       98       76 
 1107.V2  1128.V2  1131.V2  1138.V2  1144.V2  1165.V2  1172.V2  1178.V2 
     505       44      267       54       29      212       49       20 
 1187.V2  1191.V2  1209.V2  1217.V2  1226.V2  1227.V2  1233.V2  1235.V2 
      24      245      100       67      121        5      116       38 
 1258.V2  1265.V2  1273.V2  1277.V2  1286.V2  1304.V2  1313.V2  1314.V2 
     225      181        2       36      240      262       87        9 
 1317.V2  1331.V2  1339.V2  1348.V2  1374.V2  1391.V2  1406.V2  1413.V2 
      57      269      225      173      183      251       24       49 
 1420.V2  1424.V2  1425.V2  1430.V2  1436.V2  1437.V2  1438.V2  1452.V2 
     353       49      233      119       45      177       10      223 
 1463.V2  1468.V2  1494.V2  1507.V2  1521.V2  1529.V2  1537.V2  1541.V2 
     422      230      295      476      312       15       87      277 
 1545.V2  1556.V2  1563.V2  1583.V2  1589.V2  1590.V2  1593.V2  1595.V2 
     109       75      133      145      101      381      292      140 
 1603.V2  1604.V2  1605.V2  1608.V2  1619.V2  1625.V2  1628.V2  1646.V2 
     237      210      138      125      102      330       19       37 
 1655.V2  1656.V2  1662.V2  1667.V2  1684.V2  1687.V2  1689.V2  1696.V2 
      19      311       62      453      301      192      332      114 
 1703.V2  1712.V2  1713.V2  1716.V2  1737.V2  1747.V2  1756.V2  1757.V2 
      63       27       17      128      410       31      300       55 
 1761.V2  1766.V2  1769.V2  1802.V2  1814.V2  1828.V2  1836.V2  1839.V2 
      98       52      176      139       17      194      109      198 
 1843.V2  1845.V2  1851.V2  1860.V2  1868.V2  1869.V2  1878.V2  1885.V2 
      28      470      289      333       68      124      125      302 
 1887.V2  1888.V2  1908.V2  1909.V2  1913.V2  1927.V2  1931.V2  1937.V2 
      66      114      146       48      305      234      113       41 
 1938.V2  1944.V2  1948.V2  1957.V2  1958.V2  1964.V2  1969.V2  1972.V2 
      28      209      117       35       19      376       77       36 
 1975.V2  1985.V2  1990.V2  1995.V2  2003.V2  2017.V2  2027.V2  2038.V2 
     154       30      108        6        9       40      458      355 
 2044.V2  2045.V2  2046.V2  2058.V2  2062.V2  2064.V2  2065.V2  2071.V2 
      11       11       57       73       10      141      223       18 
 2073.V2  2077.V2  2085.V2  2092.V2  2095.V2  2097.V2  2105.V2  2125.V2 
      38       44       89      259      256      135      162       77 
 2133.V2  2136.V2  2143.V2  2144.V2  2150.V2  2153.V2  2160.V2  2163.V2 
      19      124       86       69      353       85        6      129 
 2165.V2  2166.V2  2168.V2  2189.V2  2197.V2  2204.V2  2216.V2  2217.V2 
     279      165        5      322      239      287       39      131 
 2229.V2  2230.V2  2235.V2  2242.V2  2244.V2  2265.V2  2268.V2  2271.V2 
      11       58        3       60      196       26       55      178 
 2273.V2  2292.V2  2305.V2  2310.V2  2317.V2  2319.V2  2322.V2  2324.V2 
      73      168      190      265       84      148       67       40 
 2334.V2  2341.V2  2343.V2  2365.V2  2382.V2  2387.V2  2396.V2  2410.V2 
      19       39       67       37      136       62       53      130 
 2430.V2  2435.V2  2437.V2  2439.V2  2442.V2  2472.V2  2478.V2  2493.V2 
     181       89        4      207      188       98      284       75 
 2511.V2  2513.V2  2551.V2  2557.V2  2558.V2  2564.V2  2570.V2  2573.V2 
      10       29       85      326      460       82        4      271 
 2580.V2  2581.V2  2582.V2  2587.V2  2607.V2  2614.V2  2617.V2  2618.V2 
      70       20       71      140      124       68        2       17 
 2621.V2  2627.V2  2628.V2  2633.V2  2634.V2  2643.V2  2654.V2  2659.V2 
     152      358      457      187       88       48       21      126 
 2665.V2  2667.V2  2674.V2  2677.V2  2683.V2  2688.V2  2690.V2  2694.V2 
     103      348       72       35       47      173      152      155 
 2699.V2  2712.V2  2727.V2  2740.V2  2743.V2  2745.V2  2749.V2  2751.V2 
     110      193       89       70       64       23      209      163 
 2760.V2  2761.V2  2764.V2  2767.V2  2769.V2  2784.V2  2792.V2  2800.V2 
      23      157       32       89      176       26      326      219 
 2801.V2  2806.V2  2808.V2  2811.V2  2817.V2  2819.V2  2822.V2  2840.V2 
      45      307      291       96      159      303       86       53 
 2852.V2  2853.V2  2854.V2  2861.V2  2865.V2  2872.V2  2874.V2  2875.V2 
      72      324       77       68       70       44      287       59 
 2891.V2  2894.V2  2905.V2  2907.V2  2910.V2  2914.V2  2916.V2  2923.V2 
     165       94      177       72      348       11       78      262 
 2941.V2  2942.V2  2945.V2  2947.V2  2956.V2  2960.V2  2966.V2  2974.V2 
     363      143       63      118       85      389      187      133 
 2976.V2  2986.V2  2998.V2  3011.V2  3012.V2  3014.V2  3017.V2  3019.V2 
     442       43      215      117      111       30      102        9 
 3022.V2  3023.V2  3037.V2  3050.V2  3067.V2  3075.V2  3085.V2  3092.V2 
     175      550        2       38      242        4       98       64 
 3103.V2  3104.V2  3108.V2  3114.V2  3117.V2  3121.V2  3126.V2  3141.V2 
     160       24       94      219       38       54      128      125 
 3163.V2  3179.V2  3190.V2  3211.V2  3214.V2  3219.V2  3226.V2  3233.V2 
     271      135       75      197        3      203      329      188 
 3235.V2  3237.V2  3245.V2  3246.V2  3252.V2  3261.V2  3277.V2  3279.V2 
      42       68       12       68        3      109       44      321 
 3283.V2  3297.V2  3298.V2  3306.V2  3309.V2  3323.V2  3325.V2  3331.V2 
      42       75      479      218      385      234       87      169 
 3335.V2  3343.V2  3345.V2  3347.V2  3351.V2  3356.V2  3372.V2  3373.V2 
      26      236      180       22      286       92      115      238 
 3387.V2  3394.V2  3397.V2  3400.V2  3412.V2  3413.V2  3422.V2  3438.V2 
      44      310      115      192        5       20       77       86 
 3441.V2  3445.V2  3446.V2  3449.V2  3451.V2  3454.V2  3455.V2  3464.V2 
     409      116       94       19       55      412      192       26 
 3465.V2  3468.V2  3471.V2  3473.V2  3482.V2  3499.V2  3517.V2  3520.V2 
      34      230       89      231       31      108      442      226 
 3526.V2  3527.V2  3553.V2  3560.V2  3565.V2  3567.V2  3574.V2  3576.V2 
     262       71       88      176      343      162       27       95 
 3590.V2  3606.V2  3607.V2  3609.V2  3615.V2  3627.V2  3637.V2  3639.V2 
      38      186      173       87      493      207      184       77 
 3646.V2  3655.V2  3656.V2  3660.V2  3662.V2  3663.V2  3667.V2  3669.V2 
     253       28      266        4      166       62       76      540 
 3674.V2  3681.V2  3682.V2  3686.V2  3692.V2  3711.V2  3714.V2  3745.V2 
     131      234      440      255       23       57       75      188 
 3763.V2  3764.V2  3772.V2  3777.V2  3778.V2  3788.V2  3801.V2  3810.V2 
     128      144      118       19      232      134       78       52 
 3813.V2  3818.V2  3829.V2  3840.V2  3843.V2  3849.V2  3853.V2  3860.V2 
      49      263      165       75       53      376      262       74 
 3866.V2  3867.V2  3888.V2  3890.V2  3891.V2  3895.V2  3907.V2  3917.V2 
      93      186      391       85      102      126      117        3 
 3919.V2  3937.V2  3939.V2  3957.V2  3972.V2  3988.V2  4019.V2  4021.V2 
     170       73       18      305       49      242      190        3 
 4024.V2  4030.V2  4032.V2  4033.V2  4038.V2  4039.V2  4044.V2  4087.V2 
       5      150       99       72      255      185       50      135 
 4088.V2  4125.V2  4137.V2  4139.V2  4141.V2  4162.V2  4164.V2  4172.V2 
     146      259       89       30      210      159       38      490 
 4186.V2  4203.V2  4204.V2  4224.V2  4227.V2  4230.V2  4231.V2  4232.V2 
      47      308      390       65      237      118      248      233 
 4237.V2  4238.V2  4241.V2  4242.V2  4245.V2  4247.V2  4262.V2  4263.V2 
      10      147      334       23       85      202      245      305 
 4270.V2  4279.V2  4306.V2  4318.V2  4355.V2  4363.V2  4365.V2  4371.V2 
       9       41       87      285       55      106       11       26 
 4374.V2  4380.V2  4381.V2  4386.V2  4387.V2  4389.V2  4391.V2  4396.V2 
     220       37       41       89       60      478      214      145 
 4397.V2  4401.V2  4422.V2  4424.V2  4430.V2  4437.V2  4441.V2  4449.V2 
     158       49       66       78       38       34      178      262 
 4454.V2  4456.V2  4461.V2  4462.V2  4482.V2  4502.V2  4507.V2  4540.V2 
     385      342        8       27        2       58       44      278 
 4541.V2  4542.V2  4544.V2  4548.V2  4556.V2  4563.V2  4570.V2  4579.V2 
     184       85      210       16       88      292      215      126 
 4582.V2  4584.V2  4585.V2  4598.V2  4600.V2  4613.V2  4624.V2  4626.V2 
     475      177      104       90       83      233       99      200 
 4628.V2  4631.V2  4635.V2  4639.V2  4649.V2  4652.V2  4656.V2  4673.V2 
     174       26      106       32      131      186       38       78 
 4678.V2  4694.V2  4696.V2  4707.V2  4728.V2  4738.V2  4755.V2  4763.V2 
     357      180      193      362      226       38       98      167 
 4772.V2  4780.V2  4781.V2  4787.V2  4788.V2  4794.V2  4802.V2  4803.V2 
     157       36      107       24       51      215      142      400 
 4809.V2  4810.V2  4818.V2  4821.V2  4823.V2  4838.V2  4840.V2  4856.V2 
      16      273       40      119      184      179       98       28 
 4858.V2  4864.V2  4875.V2  4876.V2  4889.V2  4893.V2  4899.V2  4906.V2 
      41      180        4      132      186      184      192      172 
 4909.V2  4915.V2  4922.V2  4936.V2  4939.V2  4941.V2  4942.V2  4963.V2 
     171      127      354       86        3      188       52       36 
 4978.V2  4986.V2  4990.V2  4997.V2  5003.V2  5022.V2  5024.V2  5027.V2 
      25      129      108       66      229      375      151      380 
 5048.V2  5051.V2  5052.V2  5056.V2  5061.V2  5062.V2  5064.V2  5071.V2 
     177       95      285        9      363      253      188      335 
 5074.V2  5077.V2  5079.V2  5085.V2  5094.V2  5098.V2  5099.V2  5101.V2 
     131       32      321      177       76      196      137       73 
 5102.V2  5104.V2  5131.V2  5136.V2  5145.V2  5146.V2  5151.V2  5153.V2 
      33      375       68       10      216      100       28      197 
 5182.V2  5191.V2  5197.V2  5201.V2  5217.V2  5222.V2  5227.V2  5228.V2 
     127       42      225      100      178        8      169       47 
 5239.V2  5246.V2  5249.V2  5252.V2  5267.V2  5268.V2  5280.V2  5298.V2 
     408      460       27      279      166      146      182       21 
 5321.V2  5325.V2  5329.V2  5336.V2  5346.V2  5349.V2  5353.V2  5356.V2 
     169      168      170       89      147      377      135       25 
 5374.V2  5379.V2  5380.V2  5383.V2  5385.V2  5392.V2  5396.V2  5406.V2 
       6       81      141      388      215      126      108      241 
 5409.V2  5412.V2  5420.V2  5423.V2  5424.V2  5425.V2  5427.V2  5449.V2 
     116      144        3      269      391       68      176       61 
 5460.V2  5465.V2  5475.V2  5477.V2  5480.V2  5483.V2  5485.V2  5493.V2 
     264      283      179      183        4       79      195       31 
 5495.V2  5509.V2  5525.V2  5527.V2  5535.V2  5537.V2  5543.V2  5546.V2 
      91      170      156       19      308       34      113       38 
 5549.V2  5551.V2  5553.V2  5555.V2  5560.V2  5579.V2  5613.V2  5621.V2 
      41       38      120       55      267      141      183       88 
 5630.V2  5634.V2  5639.V2  5646.V2  5666.V2  5678.V2  5684.V2  5685.V2 
     113      140      121       58       89      120      353       92 
 5693.V2  5694.V2  5700.V2  5705.V2  5713.V2  5719.V2  5723.V2  5740.V2 
      64      332       41       27      453      174      252       21 
 5744.V2  5748.V2  5753.V2  5762.V2  5766.V2  5771.V2  5776.V2  5810.V2 
      44      286      205       75      279       37      101      158 
 5811.V2  5812.V2  5818.V2  5824.V2  5828.V2  5830.V2  5834.V2  5854.V2 
     182       44       43      125       48       34       41       72 
 5860.V2  5861.V2  5862.V2  5868.V2  5874.V2  5884.V2  5885.V2  5886.V2 
     462      191      411        4      231      317      190        2 
 5887.V2  5892.V2  5896.V2  5901.V2  5917.V2  5925.V2  5929.V2  5931.V2 
     165       42      400      108      328       50      284       26 
 5932.V2  5934.V2  5939.V2  5944.V2  5951.V2  5963.V2  5968.V2  5974.V2 
     195      238      164      100      207       58        2       92 
 5975.V2  5978.V2  5981.V2  5982.V2  5983.V2  5984.V2  5986.V2  5992.V2 
      23      165      372      372        5      185      117       84 
 6001.V2  6003.V2  6024.V2  6033.V2  6042.V2  6043.V2  6046.V2  6048.V2 
      62      147       82       56       59      266        4       71 
 6054.V2  6067.V2  6069.V2  6073.V2  6078.V2  6079.V2  6080.V2  6084.V2 
      31       64      179      203      129      239      184      293 
 6089.V2  6102.V2  6108.V2  6113.V2  6116.V2  6130.V2  6139.V2  6146.V2 
     117       47       18       27       20      213      269       44 
 6159.V2  6166.V2  6179.V2  6189.V2  6195.V2  6198.V2  6201.V2  6205.V2 
      40      102      209      162      124      237      259      373 
 6207.V2  6208.V2  6210.V2  6216.V2  6217.V2  6219.V2  6235.V2  6238.V2 
     427      107      405       56       29      327      119      102 
 6241.V2  6245.V2  6247.V2  6253.V2  6261.V2  6263.V2  6267.V2  6277.V2 
      58      119      321      412      268      406      437      117 
 6286.V2  6297.V2  6307.V2  6311.V2  6316.V2  6322.V2  6338.V2  6344.V2 
      51      367       77      204       43      183       67       71 
 6354.V2  6367.V2  6380.V2  6386.V2  6393.V2  6396.V2  6401.V2  6406.V2 
     230      172      286      233      162       28      161      342 
 6409.V2  6418.V2  6420.V2  6425.V2  6426.V2  6429.V2  6430.V2  6441.V2 
      40       13      129       63       56      293       10      113 
 6442.V2  6444.V2  6449.V2  6457.V2  6461.V2  6464.V2  6465.V2  6475.V2 
     112      106       17       29       56      288      114       58 
 6481.V2  6483.V2  6511.V2  6514.V2  6520.V2  6527.V2  6531.V2  6536.V2 
     172      112      237      112        5      131      146       34 
 6537.V2  6551.V2  6554.V2  6563.V2  6572.V2  6576.V2  6577.V2  6578.V2 
     454      438      271      351      301       56      279      412 
 6582.V2  6584.V2  6592.V2  6593.V2  6594.V2  6597.V2  6600.V2  6608.V2 
     168      398      185      408      226       69       81       67 
 6617.V2  6620.V2  6621.V2  6632.V2  6639.V2  6645.V2  6654.V2  6657.V2 
     103      257      203      190      353      159       46      397 
 6665.V2  6668.V2  6677.V2  6678.V2  6691.V2  6699.V2  6716.V2  6722.V2 
     196       28      171       11      195      115      123      246 
 6724.V2  6734.V2  6737.V2  6741.V2  6748.V2  6751.V2  6752.V2  6754.V2 
      66       75       98      420       39        6        4       65 
 6763.V2  6765.V2  6769.V2  6772.V2  6776.V2  6778.V2  6784.V2  6787.V2 
     214      165      233       68      276      132      329       29 
 6794.V2  6795.V2  6800.V2  6807.V2  6812.V2  6813.V2  6814.V2  6822.V2 
      14      275      138      497      181       24      248        6 
 6824.V2  6827.V2  6828.V2  6837.V2  6842.V2  6853.V2  6878.V2  6885.V2 
     133        4      206       74      451       80      330      131 
 6893.V2  6897.V2  6902.V2  6903.V2  6912.V2  6914.V2  6919.V2  6942.V2 
      88       25       47       95      106       79      132      245 
 6947.V2  6949.V2  6953.V2  6957.V2  6959.V2  6978.V2  6989.V2  6992.V2 
      33       25      236      137      144      297      201      130 
 6993.V2  6995.V2  7004.V2  7006.V2  7011.V2  7023.V2  7025.V2  7041.V2 
      55      319      142       83       37      120       58      166 
 7043.V2  7059.V2  7060.V2  7062.V2  7071.V2  7074.V2  7075.V2  7077.V2 
      60      298       82      177      223       61      225       97 
 7078.V2  7090.V2  7092.V2  7098.V2  7103.V2  7104.V2  7109.V2  7142.V2 
     256      510      163       25      210      102      416      263 
 7146.V2  7163.V2  7169.V2  7171.V2  7183.V2  7191.V2  7201.V2  7204.V2 
      23      154      121       21       76       91       35      123 
 7205.V2  7223.V2  7234.V2  7239.V2  7248.V2  7253.V2  7257.V2  7261.V2 
      25        4      145      264       61      364      304       97 
 7268.V2  7269.V2  7271.V2  7279.V2  7289.V2  7291.V2  7294.V2  7296.V2 
      25       91       35       19      129       56       32       26 
 7308.V2  7331.V2  7337.V2  7338.V2  7347.V2  7348.V2  7353.V2  7354.V2 
     278       34      294      159       86        3       34       32 
 7369.V2  7373.V2  7380.V2  7387.V2  7390.V2  7392.V2  7399.V2  7412.V2 
      92       24      201      219      219      213      280      201 
 7416.V2  7427.V2  7428.V2  7432.V2  7433.V2  7438.V2  7446.V2  7451.V2 
      16       63       90      155      177      461       14      272 
 7452.V2  7482.V2  7491.V2  7496.V2  7497.V2  7499.V2  7503.V2  7510.V2 
     319      199      190       36      123       95      261      227 
 7519.V2  7520.V2  7522.V2  7529.V2  7547.V2  7552.V2  7558.V2  7560.V2 
     164       31       54       69       49      225       88       14 
 7561.V2  7584.V2  7587.V2  7592.V2  7597.V2  7604.V2  7607.V2  7614.V2 
     133      354       20       51       77      403       17        5 
 7618.V2  7620.V2  7621.V2  7633.V2  7645.V2  7655.V2  7657.V2  7664.V2 
     182       61      372       75      119       95      109      134 
 7671.V2  7683.V2  7692.V2  7708.V2  7718.V2  7721.V2  7722.V2  7738.V2 
     310      106      145       40       90       11      110      419 
 7750.V2  7751.V2  7752.V2  7763.V2  7765.V2  7766.V2  7773.V2  7788.V2 
      47      188       94       78       40       78       64      437 
 7800.V2  7809.V2  7815.V2  7822.V2  7827.V2  7828.V2  7838.V2  7849.V2 
      39      345       49       30      158      101       69       38 
 7863.V2  7865.V2  7868.V2  7872.V2  7875.V2  7876.V2  7877.V2  7881.V2 
     260      311      452       60      110      156       66      136 
 7889.V2  7891.V2  7894.V2  7896.V2  7898.V2  7902.V2  7908.V2  7910.V2 
     364      132       89      124       43      171       10      116 
 7913.V2  7914.V2  7920.V2  7926.V2  7928.V2  7934.V2  7949.V2  7977.V2 
     392       10       12       52       63      152      424      174 
 7982.V2  7989.V2  8000.V2  8001.V2  8016.V2  8020.V2  8023.V2  8033.V2 
      46      552      395      447      153      226      195      395 
 8039.V2  8043.V2  8050.V2  8059.V2  8060.V2  8062.V2  8076.V2  8084.V2 
     100       30      347      318      127      127      229        9 
 8087.V2  8095.V2  8097.V2  8101.V2  8108.V2  8116.V2  8117.V2  8120.V2 
     193       90      247       47       87       11      172       66 
 8125.V2  8126.V2  8144.V2  8148.V2  8152.V2  8153.V2  8160.V2  8163.V2 
     145      113      194      352      184      126      207      109 
 8166.V2  8169.V2  8183.V2  8187.V2  8191.V2  8194.V2  8195.V2  8196.V2 
     143      277      192      139       98       45      372      311 
 8207.V2  8218.V2  8225.V2  8240.V2  8251.V2  8253.V2  8255.V2  8257.V2 
     430       53       38      138      163      271       12       78 
 8260.V2  8263.V2  8266.V2  8273.V2  8281.V2  8286.V2  8288.V2  8305.V2 
     200      122       72       76      138       22       73      307 
 8314.V2  8315.V2  8321.V2  8328.V2  8330.V2  8338.V2  8346.V2  8348.V2 
     256       73       18      127      287      188       31       71 
 8354.V2  8358.V2  8368.V2  8372.V2  8383.V2  8387.V2  8401.V2  8403.V2 
     113      302       37       62      211      137      355        8 
 8415.V2  8429.V2  8430.V2  8431.V2  8433.V2  8436.V2  8437.V2  8438.V2 
      53       45      198       41      332      151      146      130 
 8439.V2  8440.V2  8445.V2  8448.V2  8463.V2  8470.V2  8474.V2  8475.V2 
     294      288      146       87       40       17       53       47 
 8479.V2  8484.V2  8496.V2  8497.V2  8499.V2  8501.V2  8508.V2  8513.V2 
     182      123      180       95       25      108      153      123 
 8539.V2  8547.V2  8550.V2  8551.V2  8563.V2  8575.V2  8576.V2  8581.V2 
     304        3      103      236       87       64      180       95 
 8586.V2  8588.V2  8593.V2  8599.V2  8605.V2  8607.V2  8624.V2  8625.V2 
     226      239       17      131      100       29       88      172 
 8626.V2  8633.V2  8648.V2  8655.V2  8662.V2  8669.V2  8672.V2  8673.V2 
     218      104      251       44       88      263       81      403 
 8675.V2  8677.V2  8687.V2  8697.V2  8701.V2  8703.V2  8710.V2  8715.V2 
      53      278      154       30      149       38      134        5 
 8724.V2  8736.V2  8750.V2  8760.V2  8763.V2  8764.V2  8770.V2  8785.V2 
      59        6      232       74      104       87      301      167 
 8787.V2  8791.V2  8792.V2  8801.V2  8810.V2  8822.V2  8827.V2  8851.V2 
     282      205      153      386       49      289       28      154 
 8859.V2  8860.V2  8865.V2  8875.V2  8877.V2  8891.V2  8911.V2  8912.V2 
     145       36       95      315       15      524       64       24 
 8914.V2  8916.V2  8924.V2  8936.V2  8939.V2  8948.V2  8955.V2  8956.V2 
      40       30       28       56      167       20      235       28 
 8959.V2  8966.V2  8976.V2  8978.V2  8981.V2  8984.V2  8988.V2  9002.V2 
     107      157      149      113       55      248      312      471 
 9007.V2  9009.V2  9016.V2  9018.V2  9020.V2  9021.V2  9025.V2  9033.V2 
     102      256      139      106       41      190      251       32 
 9043.V2  9045.V2  9048.V2  9064.V2  9069.V2  9071.V2  9077.V2  9082.V2 
      16      104      160      207      239      408       89       17 
 9083.V2  9087.V2  9094.V2  9098.V2  9107.V2  9113.V2  9121.V2  9126.V2 
     117       78      298      184       28      418      231       83 
 9130.V2  9140.V2  9144.V2  9148.V2  9152.V2  9156.V2  9177.V2  9178.V2 
     251       49      231      371      276       20      203       92 
 9179.V2  9200.V2  9207.V2  9223.V2  9237.V2  9241.V2  9244.V2  9246.V2 
      49      265       75      329      398      335       74       91 
 9266.V2  9274.V2  9275.V2  9277.V2  9278.V2  9317.V2  9325.V2  9326.V2 
     230      127       43      457       85      143       25       41 
 9334.V2  9338.V2  9342.V2  9344.V2  9346.V2  9352.V2  9373.V2  9387.V2 
       3       17       28      113      258      111       67      184 
 9392.V2  9393.V2  9395.V2  9402.V2  9403.V2  9409.V2  9414.V2  9415.V2 
       4      285       81       87       37      108      168      115 
 9420.V2  9431.V2  9437.V2  9443.V2  9445.V2  9446.V2  9455.V2  9464.V2 
     120       96      116      161      103       72      204      108 
 9467.V2  9468.V2  9483.V2  9493.V2  9498.V2  9501.V2  9503.V2  9508.V2 
      12      112       52      109      409       98      219       50 
 9512.V2  9517.V2  9521.V2  9531.V2  9544.V2  9549.V2  9552.V2  9559.V2 
     333      460       10      355      180      104      145       52 
 9566.V2  9576.V2  9580.V2  9585.V2  9597.V2  9611.V2  9626.V2  9628.V2 
     111      342      111      496       10      122       40       98 
 9631.V2  9651.V2  9659.V2  9664.V2  9670.V2  9671.V2  9676.V2  9679.V2 
     226      298      155       12       18       88       89       90 
 9695.V2  9707.V2  9716.V2  9734.V2  9737.V2  9744.V2  9748.V2  9756.V2 
     111      156       36      292       31      403      190       85 
 9769.V2  9785.V2  9795.V2  9804.V2  9816.V2  9823.V2  9825.V2  9857.V2 
     137      246       57      197       67      138       41      140 
 9865.V2  9870.V2  9872.V2  9874.V2  9882.V2  9883.V2  9884.V2  9886.V2 
      90      110      321      271      244       60       39      118 
 9901.V2  9902.V2  9909.V2  9920.V2  9930.V2  9932.V2  9936.V2  9938.V2 
     140       38       69      204      128      168      331       55 
 9942.V2  9945.V2  9965.V2  9975.V2  9980.V2  9992.V2  9996.V2 10009.V2 
     168       43      390      340      122       55       67      157 
10032.V2 10033.V2 10042.V2 10049.V2 10055.V2 10058.V2 10063.V2 10069.V2 
     111      134      395        6      105      183      190       83 
10071.V2 10077.V2 10082.V2 10085.V2 10089.V2 10091.V2 10092.V2 10101.V2 
      27      241      127      330      215      133       29      132 
10105.V2 10108.V2 10109.V2 10110.V2 10114.V2 10122.V2 10128.V2 10135.V2 
      57      274      413      192       41      137      403        9 
10146.V2 10151.V2 10159.V2 10163.V2 10164.V2 10165.V2 10166.V2 10176.V2 
     221      170      140      251       92      265      439       99 
10186.V2 10195.V2 10200.V2 10209.V2 10212.V2 10214.V2 10215.V2 10222.V2 
     121        6      255       55      174       43      306      314 
10229.V2 10243.V2 10246.V2 10262.V2 10264.V2 10276.V2 10279.V2 10285.V2 
     222      464      269       98      157      403      510      175 
10298.V2 10301.V2 10304.V2 10313.V2 10329.V2 10330.V2 10332.V2 10335.V2 
     293       66       40      147      298      237       76       29 
10343.V2 10344.V2 10356.V2 10363.V2 10365.V2 10366.V2 10368.V2 10375.V2 
     380      432      340       89      345      319       75      173 
10393.V2 10397.V2 10401.V2 10406.V2 10409.V2 10419.V2 10434.V2 10448.V2 
       7       28      140      395      224       30      128      105 
10455.V2 10458.V2 10465.V2 10466.V2 10482.V2 10484.V2 10492.V2 10509.V2 
      41      458       33      262      196       41       40      375 
10527.V2 10531.V2 10537.V2 10543.V2 10552.V2 10558.V2 10563.V2 10567.V2 
      99      106      185        5      175      217      181      122 
10588.V2 10594.V2 10596.V2 10597.V2 10606.V2 10607.V2 10610.V2 10619.V2 
     228      373       22      155       36      296       90      173 
10623.V2 10625.V2 10626.V2 10631.V2 10632.V2 10644.V2 10653.V2 10656.V2 
      99      108      127      155       27       62       45      267 
10657.V2 10659.V2 10666.V2 10667.V2 10678.V2 10680.V2 10692.V2 10706.V2 
     263        5       62      353       85      238      273      145 
10707.V2 10708.V2 10711.V2 10734.V2 10744.V2 10748.V2 10749.V2 10756.V2 
      15      274       11      104      232       64      216      127 
10770.V2 10780.V2 10784.V2 10807.V2 10813.V2 10853.V2 10864.V2 10865.V2 
     163      223       92      129       28      137      450       26 
10874.V2 10877.V2 10884.V2 10892.V2 10893.V2 10908.V2 10912.V2 10921.V2 
     327      131       51       27      102       21      370      275 
10932.V2 10938.V2 10939.V2 10942.V2 10946.V2 10952.V2 10956.V2 10957.V2 
     417      113      113      475       24      292       41      227 
10962.V2 10964.V2 10972.V2 10976.V2 10977.V2 10984.V2 10990.V2 10992.V2 
     177       98      246       24      129      269      243      293 
10995.V2 11008.V2 11009.V2 11020.V2 11025.V2 11029.V2 11031.V2 11043.V2 
     321      286      256       38       59      168      193       31 
11051.V2 11058.V2 11064.V2 11069.V2 11075.V2 11077.V2 11084.V2 11093.V2 
      89      365      116      196      124       28       37      309 
11095.V2 11097.V2 11108.V2 11109.V2 11112.V2 11122.V2 11123.V2 11124.V2 
      32        9      121      136      225      132      146      247 
11132.V2 11135.V2 11136.V2 11153.V2 11159.V2 11162.V2 11163.V2 11164.V2 
     198       24       55      224      137      149       77      362 
11173.V2 11177.V2 11190.V2 11194.V2 11200.V2 11203.V2 11209.V2 11210.V2 
      52      107      225      162      161       68       64      147 
11224.V2 11235.V2 11241.V2 11248.V2 11250.V2 11253.V2 11262.V2 11266.V2 
     506       10       60      152      106      319      138       37 
11282.V2 11283.V2 11289.V2 11290.V2 11293.V2 11294.V2 11296.V2 11319.V2 
     243      381      141      108       32      185        7      125 
11339.V2 11344.V2 11347.V2 11348.V2 11372.V2 11374.V2 11384.V2 11388.V2 
      43       25        4      118        9       84       51      202 
11395.V2 11400.V2 11403.V2 11415.V2 11424.V2 11427.V2 11429.V2 11430.V2 
     427       47      117      220      459      317      136       96 
11437.V2 11447.V2 11450.V2 11455.V2 11456.V2 11470.V2 11476.V2 11479.V2 
     182       68      151       66      121      333       37       94 
11490.V2 11496.V2 11503.V2 11509.V2 11514.V2 11517.V2 11518.V2 11520.V2 
     106       27      273      141       78      189        6       11 
11526.V2 11527.V2 11540.V2 11541.V2 11546.V2 11563.V2 11565.V2 11570.V2 
     173      191       47      266      346      168      129       41 
11579.V2 11590.V2 11594.V2 11596.V2 11610.V2 11612.V2 11614.V2 11626.V2 
     135       36      184       80       69      253      113      109 
11646.V2 11678.V2 11684.V2 11691.V2 11706.V2 11709.V2 11710.V2 11711.V2 
      83      240       70      100       45       39      379      138 
11714.V2 11720.V2 11725.V2 11726.V2 11730.V2 11731.V2 11743.V2 11744.V2 
      16      262       97      255       47       25       28      276 
11747.V2 11748.V2 11754.V2 11755.V2 11757.V2 11761.V2 11764.V2 
      98       26        7       53      325      144       32 
[1] "finished 1 bootstrap iteration"
[1] "finished 1 bootstrap iteration"
[1] "finished 1 bootstrap iteration"
[1] "finished 1 bootstrap iteration"
[1] "finished 1 bootstrap iteration"
[1] "finished 1 bootstrap iteration"
[1] "finished 1 bootstrap iteration"
[1] "finished 1 bootstrap iteration"
[1] "finished 1 bootstrap iteration"
[1] "finished 1 bootstrap iteration"
[1] "finished 1 bootstrap iteration"
[1] "finished 1 bootstrap iteration"
[1] "finished 1 bootstrap iteration"
[1] "finished 1 bootstrap iteration"
[1] "finished 1 bootstrap iteration"
[1] "finished 1 bootstrap iteration"
[1] "finished 1 bootstrap iteration"
[1] "finished 1 bootstrap iteration"
[1] "finished 1 bootstrap iteration"
[1] "finished 1 bootstrap iteration"
[1] "finished 1 bootstrap iteration"
[1] "finished 1 bootstrap iteration"
[1] "finished 1 bootstrap iteration"
[1] "finished 1 bootstrap iteration"
[1] "finished 1 bootstrap iteration"
[1] "finished 1 bootstrap iteration"
[1] "finished 1 bootstrap iteration"
[1] "finished 1 bootstrap iteration"
[1] "finished 1 bootstrap iteration"
[1] "finished 1 bootstrap iteration"
[1] "finished 1 bootstrap iteration"
[1] "finished 1 bootstrap iteration"
[1] "finished 1 bootstrap iteration"
[1] "finished 1 bootstrap iteration"
[1] "finished 1 bootstrap iteration"
[1] "finished 1 bootstrap iteration"
[1] "finished 1 bootstrap iteration"
[1] "finished 1 bootstrap iteration"
[1] "finished 1 bootstrap iteration"
[1] "finished 1 bootstrap iteration"
[1] "finished 1 bootstrap iteration"
[1] "finished 1 bootstrap iteration"
[1] "finished 1 bootstrap iteration"
[1] "finished 1 bootstrap iteration"
[1] "finished 1 bootstrap iteration"
[1] "finished 1 bootstrap iteration"
[1] "finished 1 bootstrap iteration"
[1] "finished 1 bootstrap iteration"
